
 ==============================
 S N O P T  7.2-5    (May 2007)
 ==============================
 
 SNMEMB EXIT 100 -- finished successfully
 SNMEMB INFO 104 -- memory requirements estimated

 ==============================
 S N O P T  7.2-5    (May 2007)
 ==============================
 
 

 Nonlinear constraints      25     Linear constraints       0
 Nonlinear variables        10     Linear variables         0
 Jacobian  variables        10     Objective variables     10
 Total constraints          25     Total variables         10
 

 
 The user has defined     110   out of     110   constraint gradients.
 The user has defined      10   out of      10   objective  gradients.
 

 Major Minors     Step   nCon Feasible  Optimal  MeritFunction    nS Penalty
     0      7               1  8.7E-01  8.5E-01  2.3449720E+05                 r i
     1     13  1.0E+00      2  4.3E-01  1.5E-01 -1.6844356E+05     1         n r i
     2     32  1.0E+00      4  1.0E-01  3.0E-02 -2.3138013E+03     5 1.4E+05 sm
     3      8  6.8E-01      7  4.0E-02  3.7E+00 -2.7776533E+02     3 4.5E+02  m
     4      1  1.0E+00      8  7.6E-03  5.0E+00  2.5644792E+01     3 2.0E+02
     5      4  1.0E+00      9  4.5E-05  2.1E+00  2.5624193E+01     4 2.5E+01
     6      1  1.0E+00     10  5.5E-04  2.2E+00  2.5577084E+01     4 1.7E+01
     7      3  1.0E+00     12 (4.4E-16) 4.3E+00  2.5551929E+01     2 1.7E+01  M
     8      1  1.0E+00     13  1.8E-05  4.0E+00  2.5523371E+01     2 1.7E+01
     9      4  1.0E+00     14  6.7E-07  4.3E+00  2.5513563E+01     3 1.7E+01

 Major Minors     Step   nCon Feasible  Optimal  MeritFunction    nS Penalty
    10      2  1.0E+00     15  8.9E-09  4.2E+00  2.5494230E+01     2 1.7E+01
    11      1  1.0E+00     16  2.0E-05  4.3E+00  2.5489650E+01     2 1.7E+01
    12      1  1.0E+00     17  4.0E-05  4.4E+00  2.5473046E+01     2 1.7E+01
    13      1  1.0E+00     18  6.8E-04  4.3E+00  2.5431727E+01     2 1.7E+01
    14      1  1.0E+00     19  4.2E-05  4.5E+00  2.5425561E+01     2 1.7E+01
    15      1  1.0E+00     20  6.0E-05  4.3E+00  2.5415474E+01     2 1.7E+01
    16      2  1.0E+00     21  1.3E-04  4.3E+00  2.5393209E+01     1 1.7E+01
    17      1  1.0E+00     22  1.7E-04  4.4E+00  2.5341812E+01     1 1.7E+01
    18      2  1.0E+00     23  7.8E-06  3.0E-02  2.5220290E+01     1 1.7E+01
    19      2  1.0E+00     24  3.4E-03  2.1E-02  2.5051073E+01     2 1.7E+01

 Major Minors     Step   nCon Feasible  Optimal  MeritFunction    nS Penalty
    20      2  1.0E+00     25  7.6E-04  1.5E-02  2.5027425E+01     1 1.7E+01
    21      1  1.0E+00     26  2.0E-05  1.1E-03  2.5025724E+01     1 1.7E+01
    22      1  1.0E+00     27  8.1E-07  7.6E-06  2.5025670E+01     1 1.7E+01
    23      1  1.0E+00     28 (6.5E-10) 9.6E-08  2.5025670E+01     1 3.1E+03
    24      1  1.0E+00     29 (1.5E-14) 1.4E-10  2.5025670E+01     1 1.2E+02
    25      0  1.0E+00     30 (5.3E-14) 4.5E-11  2.5025670E+01     1 3.8E+01
    25      0              32 (5.3E-14)(2.0E-13) 2.5025670E+01     1           r
 
 SNOPTC EXIT   0 -- finished successfully
 SNOPTC INFO   1 -- optimality conditions satisfied

 Problem name                 Optimiza
 No. of iterations                  94   Objective value      2.5025669739E+01
 No. of major iterations            25   Linear objective     0.0000000000E+00
 Penalty parameter           0.000E+00   Nonlinear objective  2.5025669739E+01
 No. of calls to funobj             33   No. of calls to funcon             33
 No. of superbasics                  1   No. of basic nonlinears             9
 No. of degenerate steps             1   Percentage                       1.06
 Max x                       6 1.8E+00   Max pi                     18 8.4E+01
 Max Primal infeas           0 0.0E+00   Max Dual infeas             2 1.7E-11
 Nonlinear constraint violn    1.7E-13
 
 

 Solution printed on file  18
 
 Time for MPS input                             0.00 seconds
 Time for solving problem                      18.74 seconds
 Time for solution output                       0.00 seconds
 Time for constraint functions                 19.88 seconds
 Time for objective function                    0.00 seconds
