
         ==============================
         S N O P T  7.2-5    (May 2007)
         ==============================
      Major feasibility tolerance  1.00000000E-09
      Major optimality tolerance  2.00000000E-12
      Derivative level               3
1
 
 SNMEMB EXIT 100 -- finished successfully
 SNMEMB INFO 104 -- memory requirements estimated

         ==============================
         S N O P T  7.2-5    (May 2007)
         ==============================
      Major feasibility tolerance  1.00000000E-09
      Major optimality tolerance  2.00000000E-12
      Derivative level               3
1
 
 Parameters
 ==========

 Files
 -----
 Solution file..........         0       Old basis file ........         0       Standard input.........         5
 Insert file............         0       New basis file ........         0       (Printer)..............        18
 Punch file.............         0       Backup basis file......         0       (Specs file)...........         0
 Load file..............         0       Dump file..............         0       Standard output........         6

 Frequencies
 -----------
 Print frequency........       100       Check frequency........        60       Save new basis map.....       100
 Summary frequency......       100       Factorization frequency        50       Expand frequency.......     10000

 QP subproblems
 --------------
 QPsolver Cholesky......
 Scale tolerance........     0.900       Minor feasibility tol..  1.00E-06       Iteration limit........     10000
 Scale option...........         0       Minor optimality  tol..  1.00E-12       Minor print level......         1
 Crash tolerance........     0.100       Pivot tolerance........  3.25E-11       Partial price..........         1
 Crash option...........         3       Elastic weight.........  1.00E+04       Prtl price section ( A)        11
                                         New superbasics........        99       Prtl price section (-I)        32

 The SQP Method
 --------------
 Minimize...............                 Cold start.............                 Proximal Point method..         1
 Nonlinear objectiv vars        11       Major optimality tol...  2.00E-12       Function precision.....  3.00E-13
 Unbounded step size....  1.00E+20       Superbasics limit......        11       Difference interval....  5.48E-07
 Unbounded objective....  1.00E+15       Reduced Hessian dim....        11       Central difference int.  6.70E-05
 Major step limit.......  2.00E+00       Derivative linesearch..                 Derivative level.......         3
 Major iterations limit.      1000       Linesearch tolerance...   0.90000       Verify level...........         0
 Minor iterations limit.       500       Penalty parameter......  0.00E+00       Major Print Level......         1

 Hessian Approximation
 ---------------------
 Full-Memory Hessian....                 Hessian updates........  99999999       Hessian frequency......  99999999
                                                                                 Hessian flush..........  99999999

 Nonlinear constraints
 ---------------------
 Nonlinear constraints..        32       Major feasibility tol..  1.00E-09       Violation limit........  1.00E+06
 Nonlinear Jacobian vars        11

 Miscellaneous
 -------------
 LU factor tolerance....      3.99       LU singularity tol.....  3.25E-11       Timing level...........         3
 LU update tolerance....      3.99       LU swap tolerance......  1.22E-04       Debug level............         0
 LU partial  pivoting...                 eps (machine precision)  2.22E-16       System information.....        No
1
 

 

 Matrix statistics
 -----------------
               Total      Normal        Free       Fixed     Bounded
 Rows             32          15           0           0          17
 Columns          11           0          11           0           0

 No. of matrix elements                  177     Density      50.284
 Biggest                          0.0000E+00  (excluding fixed columns,
 Smallest                         0.0000E+00   free rows, and RHS)

 No. of objective coefficients             0

 Nonlinear constraints      32     Linear constraints       0
 Nonlinear variables        11     Linear variables         0
 Jacobian  variables        11     Objective variables     11
 Total constraints          32     Total variables         11
1
 

 
 The user has defined     177   out of     177   constraint gradients.
 The user has defined      11   out of      11   objective  gradients.

 Cheap test of user-supplied problem derivatives...

 The constraint gradients seem to be OK.

 -->  The largest discrepancy was    8.86E-04  in constraint    32
 

 The objective  gradients seem to be OK.

 Gradient projected in one direction   1.14112242751E+04
 Difference approximation              1.14098930486E+04
1
 
 

   Itns Major Minors    Step   nCon Feasible  Optimal  MeritFunction     L+U BSwap     nS  condHz Penalty
     16     0     16              1  1.5E-03  7.0E-01 -6.8094273E+05     220                              _  r
     18     1      2 3.0E-01      2  1.0E-03  3.9E-01 -6.8466767E+05     202                              _n rl
     23     2      5 3.6E-02      4  9.8E-04  5.4E-02 -6.8472486E+05     198            3 1.6E+01         _s
